<?xml version="1.0" encoding="UTF-8"?>
<!-- Generated by org.testng.reporters.JUnitReportReporter -->
<testsuite skipped="0" hostname="Jerans-MacBook-Pro.local" name="tests.LoginModule" tests="1" failures="0" timestamp="16 Jul 2018 22:28:57 GMT" time="17.938" errors="0">
  <testcase name="signUp" time="17.938" classname="tests.LoginModule"/>
</testsuite> <!-- tests.LoginModule -->
